-------------------------------------------
Batch: 0
-------------------------------------------
+--------------------+---------+
|               email|birthYear|
+--------------------+---------+
|Craig.Anandh@test...|     1965|
|Gail.Gonzalez@tes...|     1964|
|David.Aristotle@t...|     1963|
| Jane.Abram@test.com|     1961|
|Suresh.Habschied@...|     1960|
|Trevor.Anandh@tes...|     1958|
|Edward.Sanchez@te...|     1957|
|Bobby.Phillips@te...|     1956|
|Craig.Khatib@test...|     1954|
|Jason.Davis@test.com|     1953|
|   Chris.Wu@test.com|     1952|
|Angie.Jackson@tes...|     1951|
|Bobby.Harris@test...|     1950|
|Jacob.Fibonnaci@t...|     1948|
|Christina.Jones@t...|     1947|
|Trevor.Olson@test...|     1946|
| Spencer.Wu@test.com|     1945|
|Edward.Gonzalez@t...|     1944|
|Eric.Anandh@test.com|     1943|
|  Dan.Abram@test.com|     1942|
+--------------------+---------+
only showing top 20 rows

-------------------------------------------
Batch: 1
-------------------------------------------
+-----+---------+
|email|birthYear|
+-----+---------+
+-----+---------+

-------------------------------------------
Batch: 2
-------------------------------------------
+-----+---------+
|email|birthYear|
+-----+---------+
+-----+---------+

-------------------------------------------
Batch: 3
-------------------------------------------
+-----+---------+
|email|birthYear|
+-----+---------+
+-----+---------+

-------------------------------------------
Batch: 4
-------------------------------------------
+-----+---------+
|email|birthYear|
+-----+---------+
+-----+---------+

-------------------------------------------
Batch: 5
-------------------------------------------
+-----+---------+
|email|birthYear|
+-----+---------+
+-----+---------+

-------------------------------------------
Batch: 6
-------------------------------------------
+-----+---------+
|email|birthYear|
+-----+---------+
+-----+---------+

-------------------------------------------
Batch: 7
-------------------------------------------
+-----+---------+
|email|birthYear|
+-----+---------+
+-----+---------+

